The following 1 direct dependency failed to precompile:

SumOfSquares 

Failed to precompile SumOfSquares [4b9e565b-77fc-50a5-a571-1244f986bda1] to "/home/runner/.julia/compiled/v1.12/SumOfSquares/jl_aC72XU".
ERROR: LoadError: MethodError: no method matching action(::SymbolicWedderburn.OnLetters, ::PermutationGroups.Permutation{PermutationGroups.Perms.Perm{UInt16}, PermutationGroups.PermGroup{PermutationGroups.Perms.Perm{UInt16}, PermutationGroups.Transversal{UInt16, PermutationGroups.Perms.Perm{UInt16}}}}, ::SymbolicWedderburn.Word{Symbol})
The function `action` exists, but no method is defined for this combination of argument types.

Closest candidates are:
  action(::SymbolicWedderburn.ByPermutations, ::PermutationGroups.Perms.AbstractPermutation, !Matched::AbstractVector)
   @ SymbolicWedderburn ~/.julia/packages/SymbolicWedderburn/hBhTJ/src/actions.jl:16
  action(!Matched::SymbolicWedderburn.InducedActionHomomorphism{<:SymbolicWedderburn.ByLinearTransformation}, ::GroupsCore.GroupElement, !Matched::AbstractVector)
   @ SymbolicWedderburn ~/.julia/packages/SymbolicWedderburn/hBhTJ/src/actions.jl:60
  action(!Matched::SymbolicWedderburn.InducedActionHomomorphism{<:SymbolicWedderburn.ByPermutations}, ::GroupsCore.GroupElement, !Matched::AbstractVector)
   @ SymbolicWedderburn ~/.julia/packages/SymbolicWedderburn/hBhTJ/src/actions.jl:31
  ...

Stacktrace:
  [1] induce(::SymbolicWedderburn.OnLetters, hom::SymbolicWedderburn.ExtensionHomomorphism{SymbolicWedderburn.OnLetters, SymbolicWedderburn.Word{Symbol}, StarAlgebras.Basis{SymbolicWedderburn.Word{Symbol}, UInt32, Vector{SymbolicWedderburn.Word{Symbol}}}}, g::PermutationGroups.Permutation{PermutationGroups.Perms.Perm{UInt16}, PermutationGroups.PermGroup{PermutationGroups.Perms.Perm{UInt16}, PermutationGroups.Transversal{UInt16, PermutationGroups.Perms.Perm{UInt16}}}})
    @ SymbolicWedderburn ~/.julia/packages/SymbolicWedderburn/hBhTJ/src/actions.jl:43
  [2] induce
    @ ~/.julia/packages/SymbolicWedderburn/hBhTJ/src/ext_homomorphisms.jl:27 [inlined]
  [3] SymbolicWedderburn.CachedExtensionHomomorphism(G::PermutationGroups.PermGroup{PermutationGroups.Perms.Perm{UInt16}, PermutationGroups.Transversal{UInt16, PermutationGroups.Perms.Perm{UInt16}}}, action::SymbolicWedderburn.OnLetters, basis::StarAlgebras.Basis{SymbolicWedderburn.Word{Symbol}, UInt32, Vector{SymbolicWedderburn.Word{Symbol}}}; precompute::Bool)
    @ SymbolicWedderburn ~/.julia/packages/SymbolicWedderburn/hBhTJ/src/ext_homomorphisms.jl:87
  [4] CachedExtensionHomomorphism
    @ ~/.julia/packages/SymbolicWedderburn/hBhTJ/src/ext_homomorphisms.jl:80 [inlined]
  [5] SymbolicWedderburn.WedderburnDecomposition(T::Type, G::PermutationGroups.PermGroup{PermutationGroups.Perms.Perm{UInt16}, PermutationGroups.Transversal{UInt16, PermutationGroups.Perms.Perm{UInt16}}}, action::SymbolicWedderburn.OnLetters, basis_full::StarAlgebras.Basis{SymbolicWedderburn.Word{Symbol}, UInt32, Vector{SymbolicWedderburn.Word{Symbol}}}, basis_half::StarAlgebras.Basis{SymbolicWedderburn.Word{Symbol}, UInt32, Vector{SymbolicWedderburn.Word{Symbol}}}, S::Type; semisimple::Bool)
    @ SymbolicWedderburn ~/.julia/packages/SymbolicWedderburn/hBhTJ/src/wedderburn_decomposition.jl:65
  [6] WedderburnDecomposition
    @ ~/.julia/packages/SymbolicWedderburn/hBhTJ/src/wedderburn_decomposition.jl:53 [inlined]
  [7] SymbolicWedderburn.WedderburnDecomposition(T::Type, G::PermutationGroups.PermGroup{PermutationGroups.Perms.Perm{UInt16}, PermutationGroups.Transversal{UInt16, PermutationGroups.Perms.Perm{UInt16}}}, action::SymbolicWedderburn.OnLetters, basis_full::Vector{SymbolicWedderburn.Word{Symbol}}, basis_half::Vector{SymbolicWedderburn.Word{Symbol}}, S::Type; semisimple::Bool)
    @ SymbolicWedderburn ~/.julia/packages/SymbolicWedderburn/hBhTJ/src/wedderburn_decomposition.jl:42
  [8] WedderburnDecomposition
    @ ~/.julia/packages/SymbolicWedderburn/hBhTJ/src/wedderburn_decomposition.jl:33 [inlined]
  [9] SymbolicWedderburn.WedderburnDecomposition(T::Type, G::PermutationGroups.PermGroup{PermutationGroups.Perms.Perm{UInt16}, PermutationGroups.Transversal{UInt16, PermutationGroups.Perms.Perm{UInt16}}}, action::SymbolicWedderburn.OnLetters, basis_full::Vector{SymbolicWedderburn.Word{Symbol}}, basis_half::Vector{SymbolicWedderburn.Word{Symbol}})
    @ SymbolicWedderburn ~/.julia/packages/SymbolicWedderburn/hBhTJ/src/wedderburn_decomposition.jl:33
 [10] macro expansion
    @ ~/.julia/packages/SymbolicWedderburn/hBhTJ/src/precompile.jl:50 [inlined]
 [11] macro expansion
    @ ~/.julia/packages/PrecompileTools/gn08A/src/workloads.jl:73 [inlined]
 [12] macro expansion
    @ ~/.julia/packages/SymbolicWedderburn/hBhTJ/src/precompile.jl:48 [inlined]
 [13] macro expansion
    @ ~/.julia/packages/PrecompileTools/gn08A/src/workloads.jl:121 [inlined]
 [14] top-level scope
    @ ~/.julia/packages/SymbolicWedderburn/hBhTJ/src/precompile.jl:118
 [15] include(mapexpr::Function, mod::Module, _path::String)
    @ Base ./Base.jl:307
 [16] top-level scope
    @ ~/.julia/packages/SymbolicWedderburn/hBhTJ/src/SymbolicWedderburn.jl:35
 [17] include(mod::Module, _path::String)
    @ Base ./Base.jl:306
 [18] include_package_for_output(pkg::Base.PkgId, input::String, depot_path::Vector{String}, dl_load_path::Vector{String}, load_path::Vector{String}, concrete_deps::Vector{Pair{Base.PkgId, UInt128}}, source::String)
    @ Base ./loading.jl:3028
 [19] top-level scope
    @ stdin:5
 [20] eval(m::Module, e::Any)
    @ Core ./boot.jl:489
 [21] include_string(mapexpr::typeof(identity), mod::Module, code::String, filename::String)
    @ Base ./loading.jl:2874
 [22] include_string
    @ ./loading.jl:2884 [inlined]
 [23] exec_options(opts::Base.JLOptions)
    @ Base ./client.jl:315
 [24] _start()
    @ Base ./client.jl:550
in expression starting at /home/runner/.julia/packages/SymbolicWedderburn/hBhTJ/src/precompile.jl:3
in expression starting at /home/runner/.julia/packages/SymbolicWedderburn/hBhTJ/src/SymbolicWedderburn.jl:1
in expression starting at stdin:5
ERROR: LoadError: Failed to precompile SymbolicWedderburn [858aa9a9-4c7c-4c62-b466-2421203962a2] to "/home/runner/.julia/compiled/v1.12/SymbolicWedderburn/jl_qTa9nb".
Stacktrace:
  [1] error(s::String)
    @ Base ./error.jl:44
  [2] compilecache(pkg::Base.PkgId, path::String, internal_stderr::IO, internal_stdout::IO, keep_loaded_modules::Bool; flags::Cmd, cacheflags::Base.CacheFlags, reasons::Dict{String, Int64}, loadable_exts::Nothing)
    @ Base ./loading.jl:3315
  [3] (::Base.var"#__require_prelocked##0#__require_prelocked##1"{Base.PkgId, String, Dict{String, Int64}})()
    @ Base ./loading.jl:2683
  [4] mkpidlock(f::Base.var"#__require_prelocked##0#__require_prelocked##1"{Base.PkgId, String, Dict{String, Int64}}, at::String, pid::Int32; kwopts::@Kwargs{stale_age::Int64, wait::Bool})
    @ FileWatching.Pidfile /opt/hostedtoolcache/julia/1.12.6/x64/share/julia/stdlib/v1.12/FileWatching/src/pidfile.jl:96
  [5] #mkpidlock#7
    @ /opt/hostedtoolcache/julia/1.12.6/x64/share/julia/stdlib/v1.12/FileWatching/src/pidfile.jl:91 [inlined]
  [6] trymkpidlock(::Function, ::Vararg{Any}; kwargs::@Kwargs{stale_age::Int64})
    @ FileWatching.Pidfile /opt/hostedtoolcache/julia/1.12.6/x64/share/julia/stdlib/v1.12/FileWatching/src/pidfile.jl:117
  [7] #invokelatest_gr#232
    @ ./reflection.jl:1297 [inlined]
  [8] invokelatest_gr
    @ ./reflection.jl:1289 [inlined]
  [9] maybe_cachefile_lock(f::Base.var"#__require_prelocked##0#__require_prelocked##1"{Base.PkgId, String, Dict{String, Int64}}, pkg::Base.PkgId, srcpath::String; stale_age::Int64)
    @ Base ./loading.jl:3886
 [10] maybe_cachefile_lock
    @ ./loading.jl:3883 [inlined]
 [11] __require_prelocked(pkg::Base.PkgId, env::String)
    @ Base ./loading.jl:2669
 [12] _require_prelocked(uuidkey::Base.PkgId, env::String)
    @ Base ./loading.jl:2495
 [13] macro expansion
    @ ./loading.jl:2423 [inlined]
 [14] macro expansion
    @ ./lock.jl:376 [inlined]
 [15] __require(into::Module, mod::Symbol)
    @ Base ./loading.jl:2388
 [16] require(into::Module, mod::Symbol)
    @ Base ./loading.jl:2364
 [17] top-level scope
    @ ~/.julia/packages/SumOfSquares/qWLHE/src/Certificate/Symmetry/Symmetry.jl:9
 [18] include(mapexpr::Function, mod::Module, _path::String)
    @ Base ./Base.jl:307
 [19] top-level scope
    @ ~/.julia/packages/SumOfSquares/qWLHE/src/Certificate/Certificate.jl:74
 [20] include(mapexpr::Function, mod::Module, _path::String)
    @ Base ./Base.jl:307
 [21] top-level scope
    @ ~/.julia/packages/SumOfSquares/qWLHE/src/SumOfSquares.jl:29
 [22] include(mod::Module, _path::String)
    @ Base ./Base.jl:306
 [23] include_package_for_output(pkg::Base.PkgId, input::String, depot_path::Vector{String}, dl_load_path::Vector{String}, load_path::Vector{String}, concrete_deps::Vector{Pair{Base.PkgId, UInt128}}, source::Nothing)
    @ Base ./loading.jl:3028
 [24] top-level scope
    @ stdin:5
 [25] eval(m::Module, e::Any)
    @ Core ./boot.jl:489
 [26] include_string(mapexpr::typeof(identity), mod::Module, code::String, filename::String)
    @ Base ./loading.jl:2874
 [27] include_string
    @ ./loading.jl:2884 [inlined]
 [28] exec_options(opts::Base.JLOptions)
    @ Base ./client.jl:315
 [29] _start()
    @ Base ./client.jl:550
in expression starting at /home/runner/.julia/packages/SumOfSquares/qWLHE/src/Certificate/Symmetry/Symmetry.jl:1
in expression starting at /home/runner/.julia/packages/SumOfSquares/qWLHE/src/Certificate/Certificate.jl:1
in expression starting at /home/runner/.julia/packages/SumOfSquares/qWLHE/src/SumOfSquares.jl:1
in expression starting at stdin:
