~~~<table>
  <tr class = "header headerLastRow">
    <th style = "text-align: right;">degree</th>
    <th style = "text-align: right;">bound</th>
  </tr>
  <tr>
    <td style = "text-align: right;">4</td>
    <td style = "text-align: right;">274.527</td>
  </tr>
  <tr>
    <td style = "text-align: right;">6</td>
    <td style = "text-align: right;">5.817</td>
  </tr>
  <tr>
    <td style = "text-align: right;">8</td>
    <td style = "text-align: right;">5.567</td>
  </tr>
  <tr>
    <td style = "text-align: right;">10</td>
    <td style = "text-align: right;">5.022</td>
  </tr>
</table>
~~~
