~~~<!DOCTYPE html>
<html>
<meta charset="UTF-8">
<style>
  table, td, th {
      border-collapse: collapse;
      font-family: sans-serif;
  }

  td, th {
      border-bottom: 0;
      padding: 4px
  }

  tr:nth-child(odd) {
      background: #eee;
  }

  tr:nth-child(even) {
      background: #fff;
  }

  tr.header {
      background: navy !important;
      color: white;
      font-weight: bold;
  }

  tr.subheader {
      background: lightgray !important;
      color: black;
  }

  tr.headerLastRow {
      border-bottom: 2px solid black;
  }

  th.rowNumber, td.rowNumber {
      text-align: right;
  }

</style>
<body>
<table>
  <tr class = "header headerLastRow">
    <th style = "text-align: right;">degree</th>
    <th style = "text-align: right;">bound</th>
  </tr>
  <tr>
    <td style = "text-align: right;">4.000</td>
    <td style = "text-align: right;">274.527</td>
  </tr>
  <tr>
    <td style = "text-align: right;">6.000</td>
    <td style = "text-align: right;">5.817</td>
  </tr>
  <tr>
    <td style = "text-align: right;">8.000</td>
    <td style = "text-align: right;">5.567</td>
  </tr>
  <tr>
    <td style = "text-align: right;">10.000</td>
    <td style = "text-align: right;">5.022</td>
  </tr>
</table>
</body>
</html>
~~~
